[debug] [2020-09-16T10:50:39.872Z] ----------------------------------------------------------------------
[debug] [2020-09-16T10:50:39.877Z] Command:       C:\Program Files\nodejs\node.exe C:\Users\SeyiOgunjuyigbe\DevWork\Node\drpmin\node_modules\firebase-tools\lib\bin\firebase.js serve --only functions:api
[debug] [2020-09-16T10:50:39.878Z] CLI Version:   8.10.0
[debug] [2020-09-16T10:50:39.879Z] Platform:      win32
[debug] [2020-09-16T10:50:39.879Z] Node Version:  v10.20.1
[debug] [2020-09-16T10:50:39.881Z] Time:          Wed Sep 16 2020 11:50:39 GMT+0100 (West Africa Standard Time)
[debug] [2020-09-16T10:50:39.881Z] ----------------------------------------------------------------------
[debug] [2020-09-16T10:50:39.881Z] 
[debug] [2020-09-16T10:50:39.929Z] > command requires scopes: ["email","openid","https://www.googleapis.com/auth/cloudplatformprojects.readonly","https://www.googleapis.com/auth/firebase","https://www.googleapis.com/auth/cloud-platform"]
[debug] [2020-09-16T10:50:39.930Z] > authorizing via signed-in user
[debug] [2020-09-16T10:50:39.930Z] [iam] checking project drpministries for permissions ["firebase.projects.get"]
[debug] [2020-09-16T10:50:39.940Z] >>> HTTP REQUEST POST https://cloudresourcemanager.googleapis.com/v1/projects/drpministries:testIamPermissions  
 {"permissions":["firebase.projects.get"]}
[debug] [2020-09-16T10:50:41.926Z] <<< HTTP RESPONSE 200 {"content-type":"application/json; charset=UTF-8","vary":"X-Origin, Referer, Origin,Accept-Encoding","date":"Wed, 16 Sep 2020 10:50:43 GMT","server":"ESF","cache-control":"private","x-xss-protection":"0","x-frame-options":"SAMEORIGIN","x-content-type-options":"nosniff","server-timing":"gfet4t7; dur=1170","alt-svc":"h3-29=\":443\"; ma=2592000,h3-27=\":443\"; ma=2592000,h3-T051=\":443\"; ma=2592000,h3-T050=\":443\"; ma=2592000,h3-Q050=\":443\"; ma=2592000,h3-Q046=\":443\"; ma=2592000,h3-Q043=\":443\"; ma=2592000,quic=\":443\"; ma=2592000; v=\"46,43\"","accept-ranges":"none","transfer-encoding":"chunked"}
[debug] [2020-09-16T10:50:41.928Z] >>> HTTP REQUEST GET https://firebase.googleapis.com/v1beta1/projects/drpministries  
 
[debug] [2020-09-16T10:50:42.585Z] <<< HTTP RESPONSE 200 {"content-type":"application/json; charset=UTF-8","vary":"X-Origin, Referer, Origin,Accept-Encoding","date":"Wed, 16 Sep 2020 10:50:44 GMT","server":"ESF","cache-control":"private","x-xss-protection":"0","x-frame-options":"SAMEORIGIN","x-content-type-options":"nosniff","alt-svc":"h3-29=\":443\"; ma=2592000,h3-27=\":443\"; ma=2592000,h3-T051=\":443\"; ma=2592000,h3-T050=\":443\"; ma=2592000,h3-Q050=\":443\"; ma=2592000,h3-Q046=\":443\"; ma=2592000,h3-Q043=\":443\"; ma=2592000,quic=\":443\"; ma=2592000; v=\"46,43\"","accept-ranges":"none","transfer-encoding":"chunked"}
[info] +  functions: Using node@10 from host. {"metadata":{"emulator":{"name":"functions"},"message":"Using node@10 from host."}}
[debug] [2020-09-16T10:50:43.704Z] defaultcredentials: writing to file C:\Users\SeyiOgunjuyigbe\AppData\Roaming\firebase\seyiogunjuyigbe_gmail_com_application_default_credentials.json
[debug] [2020-09-16T10:50:43.716Z] Setting GAC to C:\Users\SeyiOgunjuyigbe\AppData\Roaming\firebase\seyiogunjuyigbe_gmail_com_application_default_credentials.json {"metadata":{"emulator":{"name":"functions"},"message":"Setting GAC to C:\\Users\\SeyiOgunjuyigbe\\AppData\\Roaming\\firebase\\seyiogunjuyigbe_gmail_com_application_default_credentials.json"}}
[info] i  functions: Watching "C:\Users\SeyiOgunjuyigbe\devwork\node\drpmin\functions" for Cloud Functions... {"metadata":{"emulator":{"name":"functions"},"message":"Watching \"C:\\Users\\SeyiOgunjuyigbe\\devwork\\node\\drpmin\\functions\" for Cloud Functions..."}}
[debug] [2020-09-16T10:50:43.762Z] [worker-pool] addWorker(~diagnostic~) {"metadata":{"emulator":{"name":"functions"},"message":"[worker-pool] addWorker(~diagnostic~)"}}
[debug] [2020-09-16T10:50:43.763Z] [worker-pool] Adding worker with key ~diagnostic~, total=1 {"metadata":{"emulator":{"name":"functions"},"message":"[worker-pool] Adding worker with key ~diagnostic~, total=1"}}
[debug] [2020-09-16T10:50:43.763Z] [worker-pool] submitWork(triggerId=) {"metadata":{"emulator":{"name":"functions"},"message":"[worker-pool] submitWork(triggerId=)"}}
[debug] [2020-09-16T10:50:43.764Z] [worker-~diagnostic~-dd75350c-a489-47c2-b8eb-d854f41c1725]: Assigning socketPath: \\?\pipe\C:\Users\SeyiOgunjuyigbe\devwork\node\drpmin\functions\13564 {"metadata":{"emulator":{"name":"functions"},"message":"[worker-~diagnostic~-dd75350c-a489-47c2-b8eb-d854f41c1725]: Assigning socketPath: \\\\?\\pipe\\C:\\Users\\SeyiOgunjuyigbe\\devwork\\node\\drpmin\\functions\\13564"}}
[debug] [2020-09-16T10:50:43.765Z] [worker-~diagnostic~-dd75350c-a489-47c2-b8eb-d854f41c1725]: BUSY {"metadata":{"emulator":{"name":"functions"},"message":"[worker-~diagnostic~-dd75350c-a489-47c2-b8eb-d854f41c1725]: BUSY"}}
[debug] [2020-09-16T10:50:45.218Z] Functions emulator received unknown request at path /socket.io/
[debug] [2020-09-16T10:50:45.394Z] [runtime-status] [13564] Functions runtime initialized. {"cwd":"C:\\Users\\SeyiOgunjuyigbe\\devwork\\node\\drpmin\\functions","node_version":"10.20.1"} {"metadata":{"emulator":{"name":"functions"},"message":"[runtime-status] [13564] Functions runtime initialized. {\"cwd\":\"C:\\\\Users\\\\SeyiOgunjuyigbe\\\\devwork\\\\node\\\\drpmin\\\\functions\",\"node_version\":\"10.20.1\"}"}}
[debug] [2020-09-16T10:50:45.398Z] [runtime-status] [13564] Disabled runtime features: undefined {"metadata":{"emulator":{"name":"functions"},"message":"[runtime-status] [13564] Disabled runtime features: undefined"}}
[debug] [2020-09-16T10:50:45.453Z] [runtime-status] [13564] Resolved module firebase-admin {"declared":true,"installed":true,"version":"8.13.0","resolution":"C:\\Users\\SeyiOgunjuyigbe\\devwork\\node\\drpmin\\functions\\node_modules\\firebase-admin\\lib\\index.js"} {"metadata":{"emulator":{"name":"functions"},"message":"[runtime-status] [13564] Resolved module firebase-admin {\"declared\":true,\"installed\":true,\"version\":\"8.13.0\",\"resolution\":\"C:\\\\Users\\\\SeyiOgunjuyigbe\\\\devwork\\\\node\\\\drpmin\\\\functions\\\\node_modules\\\\firebase-admin\\\\lib\\\\index.js\"}"}}
[debug] [2020-09-16T10:50:45.504Z] [runtime-status] [13564] Resolved module firebase-functions {"declared":true,"installed":true,"version":"3.11.0","resolution":"C:\\Users\\SeyiOgunjuyigbe\\devwork\\node\\drpmin\\functions\\node_modules\\firebase-functions\\lib\\index.js"} {"metadata":{"emulator":{"name":"functions"},"message":"[runtime-status] [13564] Resolved module firebase-functions {\"declared\":true,\"installed\":true,\"version\":\"3.11.0\",\"resolution\":\"C:\\\\Users\\\\SeyiOgunjuyigbe\\\\devwork\\\\node\\\\drpmin\\\\functions\\\\node_modules\\\\firebase-functions\\\\lib\\\\index.js\"}"}}
[debug] [2020-09-16T10:50:45.507Z] [runtime-status] [13564] Resolved module firebase-functions {"declared":true,"installed":true,"version":"3.11.0","resolution":"C:\\Users\\SeyiOgunjuyigbe\\devwork\\node\\drpmin\\functions\\node_modules\\firebase-functions\\lib\\index.js"} {"metadata":{"emulator":{"name":"functions"},"message":"[runtime-status] [13564] Resolved module firebase-functions {\"declared\":true,\"installed\":true,\"version\":\"3.11.0\",\"resolution\":\"C:\\\\Users\\\\SeyiOgunjuyigbe\\\\devwork\\\\node\\\\drpmin\\\\functions\\\\node_modules\\\\firebase-functions\\\\lib\\\\index.js\"}"}}
[debug] [2020-09-16T10:50:45.521Z] [runtime-status] [13564] Outgoing network have been stubbed. [{"name":"http","status":"mocked"},{"name":"http","status":"mocked"},{"name":"https","status":"mocked"},{"name":"https","status":"mocked"},{"name":"net","status":"mocked"}] {"metadata":{"emulator":{"name":"functions"},"message":"[runtime-status] [13564] Outgoing network have been stubbed. [{\"name\":\"http\",\"status\":\"mocked\"},{\"name\":\"http\",\"status\":\"mocked\"},{\"name\":\"https\",\"status\":\"mocked\"},{\"name\":\"https\",\"status\":\"mocked\"},{\"name\":\"net\",\"status\":\"mocked\"}]"}}
[debug] [2020-09-16T10:50:45.523Z] [runtime-status] [13564] Resolved module firebase-functions {"declared":true,"installed":true,"version":"3.11.0","resolution":"C:\\Users\\SeyiOgunjuyigbe\\devwork\\node\\drpmin\\functions\\node_modules\\firebase-functions\\lib\\index.js"} {"metadata":{"emulator":{"name":"functions"},"message":"[runtime-status] [13564] Resolved module firebase-functions {\"declared\":true,\"installed\":true,\"version\":\"3.11.0\",\"resolution\":\"C:\\\\Users\\\\SeyiOgunjuyigbe\\\\devwork\\\\node\\\\drpmin\\\\functions\\\\node_modules\\\\firebase-functions\\\\lib\\\\index.js\"}"}}
[debug] [2020-09-16T10:50:46.967Z] [runtime-status] [13564] Checked functions.config() {"config":{}} {"metadata":{"emulator":{"name":"functions"},"message":"[runtime-status] [13564] Checked functions.config() {\"config\":{}}"}}
[debug] [2020-09-16T10:50:46.970Z] [runtime-status] [13564] firebase-functions has been stubbed. {"functionsResolution":{"declared":true,"installed":true,"version":"3.11.0","resolution":"C:\\Users\\SeyiOgunjuyigbe\\devwork\\node\\drpmin\\functions\\node_modules\\firebase-functions\\lib\\index.js"}} {"metadata":{"emulator":{"name":"functions"},"message":"[runtime-status] [13564] firebase-functions has been stubbed. {\"functionsResolution\":{\"declared\":true,\"installed\":true,\"version\":\"3.11.0\",\"resolution\":\"C:\\\\Users\\\\SeyiOgunjuyigbe\\\\devwork\\\\node\\\\drpmin\\\\functions\\\\node_modules\\\\firebase-functions\\\\lib\\\\index.js\"}}"}}
[debug] [2020-09-16T10:50:46.971Z] [runtime-status] [13564] Resolved module firebase-functions {"declared":true,"installed":true,"version":"3.11.0","resolution":"C:\\Users\\SeyiOgunjuyigbe\\devwork\\node\\drpmin\\functions\\node_modules\\firebase-functions\\lib\\index.js"} {"metadata":{"emulator":{"name":"functions"},"message":"[runtime-status] [13564] Resolved module firebase-functions {\"declared\":true,\"installed\":true,\"version\":\"3.11.0\",\"resolution\":\"C:\\\\Users\\\\SeyiOgunjuyigbe\\\\devwork\\\\node\\\\drpmin\\\\functions\\\\node_modules\\\\firebase-functions\\\\lib\\\\index.js\"}"}}
[debug] [2020-09-16T10:50:46.974Z] [runtime-status] [13564] Resolved module firebase-admin {"declared":true,"installed":true,"version":"8.13.0","resolution":"C:\\Users\\SeyiOgunjuyigbe\\devwork\\node\\drpmin\\functions\\node_modules\\firebase-admin\\lib\\index.js"} {"metadata":{"emulator":{"name":"functions"},"message":"[runtime-status] [13564] Resolved module firebase-admin {\"declared\":true,\"installed\":true,\"version\":\"8.13.0\",\"resolution\":\"C:\\\\Users\\\\SeyiOgunjuyigbe\\\\devwork\\\\node\\\\drpmin\\\\functions\\\\node_modules\\\\firebase-admin\\\\lib\\\\index.js\"}"}}
[debug] [2020-09-16T10:50:46.975Z] [runtime-status] [13564] Resolved module firebase-functions {"declared":true,"installed":true,"version":"3.11.0","resolution":"C:\\Users\\SeyiOgunjuyigbe\\devwork\\node\\drpmin\\functions\\node_modules\\firebase-functions\\lib\\index.js"} {"metadata":{"emulator":{"name":"functions"},"message":"[runtime-status] [13564] Resolved module firebase-functions {\"declared\":true,\"installed\":true,\"version\":\"3.11.0\",\"resolution\":\"C:\\\\Users\\\\SeyiOgunjuyigbe\\\\devwork\\\\node\\\\drpmin\\\\functions\\\\node_modules\\\\firebase-functions\\\\lib\\\\index.js\"}"}}
[debug] [2020-09-16T10:50:46.975Z] [runtime-status] [13564] firebase-admin has been stubbed. {"adminResolution":{"declared":true,"installed":true,"version":"8.13.0","resolution":"C:\\Users\\SeyiOgunjuyigbe\\devwork\\node\\drpmin\\functions\\node_modules\\firebase-admin\\lib\\index.js"}} {"metadata":{"emulator":{"name":"functions"},"message":"[runtime-status] [13564] firebase-admin has been stubbed. {\"adminResolution\":{\"declared\":true,\"installed\":true,\"version\":\"8.13.0\",\"resolution\":\"C:\\\\Users\\\\SeyiOgunjuyigbe\\\\devwork\\\\node\\\\drpmin\\\\functions\\\\node_modules\\\\firebase-admin\\\\lib\\\\index.js\"}}"}}
[debug] [2020-09-16T10:50:50.586Z] Functions emulator received unknown request at path /socket.io/
[debug] [2020-09-16T10:50:55.602Z] Functions emulator received unknown request at path /socket.io/
[debug] [2020-09-16T10:51:01.617Z] Functions emulator received unknown request at path /socket.io/
[debug] [2020-09-16T10:51:06.634Z] Functions emulator received unknown request at path /socket.io/
[debug] [2020-09-16T10:51:12.070Z] Functions emulator received unknown request at path /socket.io/
[debug] [2020-09-16T10:51:17.106Z] Functions emulator received unknown request at path /socket.io/
[info] +  functions[api]: http function initialized (http://localhost:5000/drpministries/us-central1/api). {"metadata":{"emulator":{"name":"functions"},"message":"\u001b[1mhttp\u001b[22m function initialized (http://localhost:5000/drpministries/us-central1/api)."}}
[debug] [2020-09-16T10:51:17.192Z] [worker-~diagnostic~-dd75350c-a489-47c2-b8eb-d854f41c1725]: IDLE {"metadata":{"emulator":{"name":"functions"},"message":"[worker-~diagnostic~-dd75350c-a489-47c2-b8eb-d854f41c1725]: IDLE"}}
[info] >  Server listening on 5000 {"user":"Server listening on 5000","metadata":{"emulator":{"name":"functions"},"message":"\u001b[90m> \u001b[39m Server listening on 5000"}}
[debug] [2020-09-16T11:00:19.153Z] File C:\Users\SeyiOgunjuyigbe\devwork\node\drpmin\functions\index.js changed, reloading triggers {"metadata":{"emulator":{"name":"functions"},"message":"File C:\\Users\\SeyiOgunjuyigbe\\devwork\\node\\drpmin\\functions\\index.js changed, reloading triggers"}}
[debug] [2020-09-16T11:00:19.253Z] File C:\Users\SeyiOgunjuyigbe\devwork\node\drpmin\functions\index.js changed, reloading triggers {"metadata":{"emulator":{"name":"functions"},"message":"File C:\\Users\\SeyiOgunjuyigbe\\devwork\\node\\drpmin\\functions\\index.js changed, reloading triggers"}}
[debug] [2020-09-16T11:00:20.454Z] [worker-pool] Shutting down IDLE worker (~diagnostic~) {"metadata":{"emulator":{"name":"functions"},"message":"[worker-pool] Shutting down IDLE worker (~diagnostic~)"}}
[debug] [2020-09-16T11:00:20.454Z] [worker-~diagnostic~-dd75350c-a489-47c2-b8eb-d854f41c1725]: FINISHING {"metadata":{"emulator":{"name":"functions"},"message":"[worker-~diagnostic~-dd75350c-a489-47c2-b8eb-d854f41c1725]: FINISHING"}}
[debug] [2020-09-16T11:00:21.136Z] [worker-pool] addWorker(~diagnostic~) {"metadata":{"emulator":{"name":"functions"},"message":"[worker-pool] addWorker(~diagnostic~)"}}
[debug] [2020-09-16T11:00:21.137Z] [worker-pool] Adding worker with key ~diagnostic~, total=2 {"metadata":{"emulator":{"name":"functions"},"message":"[worker-pool] Adding worker with key ~diagnostic~, total=2"}}
[debug] [2020-09-16T11:00:21.137Z] [worker-pool] submitWork(triggerId=) {"metadata":{"emulator":{"name":"functions"},"message":"[worker-pool] submitWork(triggerId=)"}}
[debug] [2020-09-16T11:00:21.137Z] [worker-~diagnostic~-4cbe544a-1c1a-46a6-a4e5-cf2c0ce1f764]: Assigning socketPath: \\?\pipe\C:\Users\SeyiOgunjuyigbe\devwork\node\drpmin\functions\4828 {"metadata":{"emulator":{"name":"functions"},"message":"[worker-~diagnostic~-4cbe544a-1c1a-46a6-a4e5-cf2c0ce1f764]: Assigning socketPath: \\\\?\\pipe\\C:\\Users\\SeyiOgunjuyigbe\\devwork\\node\\drpmin\\functions\\4828"}}
[debug] [2020-09-16T11:00:21.165Z] [worker-~diagnostic~-4cbe544a-1c1a-46a6-a4e5-cf2c0ce1f764]: BUSY {"metadata":{"emulator":{"name":"functions"},"message":"[worker-~diagnostic~-4cbe544a-1c1a-46a6-a4e5-cf2c0ce1f764]: BUSY"}}
[debug] [2020-09-16T11:00:21.176Z] [worker-~diagnostic~-dd75350c-a489-47c2-b8eb-d854f41c1725]: exited {"metadata":{"emulator":{"name":"functions"},"message":"[worker-~diagnostic~-dd75350c-a489-47c2-b8eb-d854f41c1725]: exited"}}
[debug] [2020-09-16T11:00:21.177Z] [worker-~diagnostic~-dd75350c-a489-47c2-b8eb-d854f41c1725]: FINISHED {"metadata":{"emulator":{"name":"functions"},"message":"[worker-~diagnostic~-dd75350c-a489-47c2-b8eb-d854f41c1725]: FINISHED"}}
[debug] [2020-09-16T11:00:21.778Z] Functions emulator received unknown request at path /socket.io/
[debug] [2020-09-16T11:00:21.942Z] Functions emulator received unknown request at path /socket.io/
[debug] [2020-09-16T11:00:24.172Z] Functions emulator received unknown request at path /socket.io/
[debug] [2020-09-16T11:00:24.302Z] Functions emulator received unknown request at path /socket.io/
[debug] [2020-09-16T11:00:27.637Z] Functions emulator received unknown request at path /socket.io/
[debug] [2020-09-16T11:00:29.883Z] File C:\Users\SeyiOgunjuyigbe\devwork\node\drpmin\functions\src\views\watch.ejs changed, reloading triggers {"metadata":{"emulator":{"name":"functions"},"message":"File C:\\Users\\SeyiOgunjuyigbe\\devwork\\node\\drpmin\\functions\\src\\views\\watch.ejs changed, reloading triggers"}}
[debug] [2020-09-16T11:00:29.992Z] Functions emulator received unknown request at path /socket.io/
[debug] [2020-09-16T11:00:30.128Z] File C:\Users\SeyiOgunjuyigbe\devwork\node\drpmin\functions\src\views\watch.ejs changed, reloading triggers {"metadata":{"emulator":{"name":"functions"},"message":"File C:\\Users\\SeyiOgunjuyigbe\\devwork\\node\\drpmin\\functions\\src\\views\\watch.ejs changed, reloading triggers"}}
[debug] [2020-09-16T11:00:31.128Z] [worker-pool] Marking BUSY worker to finish (~diagnostic~) {"metadata":{"emulator":{"name":"functions"},"message":"[worker-pool] Marking BUSY worker to finish (~diagnostic~)"}}
[debug] [2020-09-16T11:00:31.129Z] [worker-~diagnostic~-4cbe544a-1c1a-46a6-a4e5-cf2c0ce1f764]: FINISHING {"metadata":{"emulator":{"name":"functions"},"message":"[worker-~diagnostic~-4cbe544a-1c1a-46a6-a4e5-cf2c0ce1f764]: FINISHING"}}
[debug] [2020-09-16T11:00:31.129Z] [worker-pool] Cleaned up workers for ~diagnostic~: 2 --> 1 {"metadata":{"emulator":{"name":"functions"},"message":"[worker-pool] Cleaned up workers for ~diagnostic~: 2 --> 1"}}
[debug] [2020-09-16T11:00:31.153Z] [worker-pool] addWorker(~diagnostic~) {"metadata":{"emulator":{"name":"functions"},"message":"[worker-pool] addWorker(~diagnostic~)"}}
[debug] [2020-09-16T11:00:31.153Z] [worker-pool] Adding worker with key ~diagnostic~, total=2 {"metadata":{"emulator":{"name":"functions"},"message":"[worker-pool] Adding worker with key ~diagnostic~, total=2"}}
[debug] [2020-09-16T11:00:31.154Z] [worker-pool] submitWork(triggerId=) {"metadata":{"emulator":{"name":"functions"},"message":"[worker-pool] submitWork(triggerId=)"}}
[debug] [2020-09-16T11:00:31.154Z] [worker-~diagnostic~-03381469-47fe-48b5-a4bd-c9c35fdefb66]: Assigning socketPath: \\?\pipe\C:\Users\SeyiOgunjuyigbe\devwork\node\drpmin\functions\13084 {"metadata":{"emulator":{"name":"functions"},"message":"[worker-~diagnostic~-03381469-47fe-48b5-a4bd-c9c35fdefb66]: Assigning socketPath: \\\\?\\pipe\\C:\\Users\\SeyiOgunjuyigbe\\devwork\\node\\drpmin\\functions\\13084"}}
[debug] [2020-09-16T11:00:31.154Z] [worker-~diagnostic~-03381469-47fe-48b5-a4bd-c9c35fdefb66]: BUSY {"metadata":{"emulator":{"name":"functions"},"message":"[worker-~diagnostic~-03381469-47fe-48b5-a4bd-c9c35fdefb66]: BUSY"}}
[debug] [2020-09-16T11:00:32.725Z] Functions emulator received unknown request at path /socket.io/
[debug] [2020-09-16T11:00:35.081Z] Functions emulator received unknown request at path /socket.io/
[debug] [2020-09-16T11:00:37.773Z] Functions emulator received unknown request at path /socket.io/
[debug] [2020-09-16T11:00:40.499Z] Functions emulator received unknown request at path /socket.io/
[debug] [2020-09-16T11:00:42.869Z] Functions emulator received unknown request at path /socket.io/
[debug] [2020-09-16T11:00:45.515Z] Functions emulator received unknown request at path /socket.io/
[debug] [2020-09-16T11:00:47.929Z] Functions emulator received unknown request at path /socket.io/
[debug] [2020-09-16T11:00:50.924Z] Functions emulator received unknown request at path /socket.io/
[debug] [2020-09-16T11:00:53.006Z] Functions emulator received unknown request at path /socket.io/
[debug] [2020-09-16T11:00:56.204Z] Functions emulator received unknown request at path /socket.io/
[debug] [2020-09-16T11:00:58.375Z] Functions emulator received unknown request at path /socket.io/
[debug] [2020-09-16T11:01:00.138Z] Functions emulator received unknown request at path /live-broadcast
[debug] [2020-09-16T11:01:01.226Z] Functions emulator received unknown request at path /socket.io/
[debug] [2020-09-16T11:01:03.909Z] Functions emulator received unknown request at path /live-broadcast
[debug] [2020-09-16T11:01:05.014Z] [runtime-status] [13084] Functions runtime initialized. {"cwd":"C:\\Users\\SeyiOgunjuyigbe\\devwork\\node\\drpmin\\functions","node_version":"10.20.1"} {"metadata":{"emulator":{"name":"functions"},"message":"[runtime-status] [13084] Functions runtime initialized. {\"cwd\":\"C:\\\\Users\\\\SeyiOgunjuyigbe\\\\devwork\\\\node\\\\drpmin\\\\functions\",\"node_version\":\"10.20.1\"}"}}
[debug] [2020-09-16T11:01:05.015Z] [runtime-status] [4828] Functions runtime initialized. {"cwd":"C:\\Users\\SeyiOgunjuyigbe\\devwork\\node\\drpmin\\functions","node_version":"10.20.1"} {"metadata":{"emulator":{"name":"functions"},"message":"[runtime-status] [4828] Functions runtime initialized. {\"cwd\":\"C:\\\\Users\\\\SeyiOgunjuyigbe\\\\devwork\\\\node\\\\drpmin\\\\functions\",\"node_version\":\"10.20.1\"}"}}
[debug] [2020-09-16T11:01:05.019Z] [runtime-status] [13084] Disabled runtime features: undefined {"metadata":{"emulator":{"name":"functions"},"message":"[runtime-status] [13084] Disabled runtime features: undefined"}}
[debug] [2020-09-16T11:01:05.143Z] [runtime-status] [4828] Disabled runtime features: undefined {"metadata":{"emulator":{"name":"functions"},"message":"[runtime-status] [4828] Disabled runtime features: undefined"}}
[debug] [2020-09-16T11:01:05.298Z] [runtime-status] [13084] Resolved module firebase-admin {"declared":true,"installed":true,"version":"8.13.0","resolution":"C:\\Users\\SeyiOgunjuyigbe\\devwork\\node\\drpmin\\functions\\node_modules\\firebase-admin\\lib\\index.js"} {"metadata":{"emulator":{"name":"functions"},"message":"[runtime-status] [13084] Resolved module firebase-admin {\"declared\":true,\"installed\":true,\"version\":\"8.13.0\",\"resolution\":\"C:\\\\Users\\\\SeyiOgunjuyigbe\\\\devwork\\\\node\\\\drpmin\\\\functions\\\\node_modules\\\\firebase-admin\\\\lib\\\\index.js\"}"}}
[debug] [2020-09-16T11:01:05.300Z] [runtime-status] [4828] Resolved module firebase-admin {"declared":true,"installed":true,"version":"8.13.0","resolution":"C:\\Users\\SeyiOgunjuyigbe\\devwork\\node\\drpmin\\functions\\node_modules\\firebase-admin\\lib\\index.js"} {"metadata":{"emulator":{"name":"functions"},"message":"[runtime-status] [4828] Resolved module firebase-admin {\"declared\":true,\"installed\":true,\"version\":\"8.13.0\",\"resolution\":\"C:\\\\Users\\\\SeyiOgunjuyigbe\\\\devwork\\\\node\\\\drpmin\\\\functions\\\\node_modules\\\\firebase-admin\\\\lib\\\\index.js\"}"}}
[debug] [2020-09-16T11:01:05.301Z] [runtime-status] [4828] Resolved module firebase-functions {"declared":true,"installed":true,"version":"3.11.0","resolution":"C:\\Users\\SeyiOgunjuyigbe\\devwork\\node\\drpmin\\functions\\node_modules\\firebase-functions\\lib\\index.js"} {"metadata":{"emulator":{"name":"functions"},"message":"[runtime-status] [4828] Resolved module firebase-functions {\"declared\":true,\"installed\":true,\"version\":\"3.11.0\",\"resolution\":\"C:\\\\Users\\\\SeyiOgunjuyigbe\\\\devwork\\\\node\\\\drpmin\\\\functions\\\\node_modules\\\\firebase-functions\\\\lib\\\\index.js\"}"}}
[debug] [2020-09-16T11:01:05.301Z] [runtime-status] [4828] Resolved module firebase-functions {"declared":true,"installed":true,"version":"3.11.0","resolution":"C:\\Users\\SeyiOgunjuyigbe\\devwork\\node\\drpmin\\functions\\node_modules\\firebase-functions\\lib\\index.js"} {"metadata":{"emulator":{"name":"functions"},"message":"[runtime-status] [4828] Resolved module firebase-functions {\"declared\":true,\"installed\":true,\"version\":\"3.11.0\",\"resolution\":\"C:\\\\Users\\\\SeyiOgunjuyigbe\\\\devwork\\\\node\\\\drpmin\\\\functions\\\\node_modules\\\\firebase-functions\\\\lib\\\\index.js\"}"}}
[debug] [2020-09-16T11:01:05.302Z] [runtime-status] [13084] Resolved module firebase-functions {"declared":true,"installed":true,"version":"3.11.0","resolution":"C:\\Users\\SeyiOgunjuyigbe\\devwork\\node\\drpmin\\functions\\node_modules\\firebase-functions\\lib\\index.js"} {"metadata":{"emulator":{"name":"functions"},"message":"[runtime-status] [13084] Resolved module firebase-functions {\"declared\":true,\"installed\":true,\"version\":\"3.11.0\",\"resolution\":\"C:\\\\Users\\\\SeyiOgunjuyigbe\\\\devwork\\\\node\\\\drpmin\\\\functions\\\\node_modules\\\\firebase-functions\\\\lib\\\\index.js\"}"}}
[debug] [2020-09-16T11:01:05.303Z] [runtime-status] [13084] Resolved module firebase-functions {"declared":true,"installed":true,"version":"3.11.0","resolution":"C:\\Users\\SeyiOgunjuyigbe\\devwork\\node\\drpmin\\functions\\node_modules\\firebase-functions\\lib\\index.js"} {"metadata":{"emulator":{"name":"functions"},"message":"[runtime-status] [13084] Resolved module firebase-functions {\"declared\":true,\"installed\":true,\"version\":\"3.11.0\",\"resolution\":\"C:\\\\Users\\\\SeyiOgunjuyigbe\\\\devwork\\\\node\\\\drpmin\\\\functions\\\\node_modules\\\\firebase-functions\\\\lib\\\\index.js\"}"}}
[debug] [2020-09-16T11:01:05.309Z] [runtime-status] [13084] Outgoing network have been stubbed. [{"name":"http","status":"mocked"},{"name":"http","status":"mocked"},{"name":"https","status":"mocked"},{"name":"https","status":"mocked"},{"name":"net","status":"mocked"}] {"metadata":{"emulator":{"name":"functions"},"message":"[runtime-status] [13084] Outgoing network have been stubbed. [{\"name\":\"http\",\"status\":\"mocked\"},{\"name\":\"http\",\"status\":\"mocked\"},{\"name\":\"https\",\"status\":\"mocked\"},{\"name\":\"https\",\"status\":\"mocked\"},{\"name\":\"net\",\"status\":\"mocked\"}]"}}
[debug] [2020-09-16T11:01:05.311Z] [runtime-status] [4828] Outgoing network have been stubbed. [{"name":"http","status":"mocked"},{"name":"http","status":"mocked"},{"name":"https","status":"mocked"},{"name":"https","status":"mocked"},{"name":"net","status":"mocked"}] {"metadata":{"emulator":{"name":"functions"},"message":"[runtime-status] [4828] Outgoing network have been stubbed. [{\"name\":\"http\",\"status\":\"mocked\"},{\"name\":\"http\",\"status\":\"mocked\"},{\"name\":\"https\",\"status\":\"mocked\"},{\"name\":\"https\",\"status\":\"mocked\"},{\"name\":\"net\",\"status\":\"mocked\"}]"}}
[debug] [2020-09-16T11:01:05.312Z] [runtime-status] [4828] Resolved module firebase-functions {"declared":true,"installed":true,"version":"3.11.0","resolution":"C:\\Users\\SeyiOgunjuyigbe\\devwork\\node\\drpmin\\functions\\node_modules\\firebase-functions\\lib\\index.js"} {"metadata":{"emulator":{"name":"functions"},"message":"[runtime-status] [4828] Resolved module firebase-functions {\"declared\":true,\"installed\":true,\"version\":\"3.11.0\",\"resolution\":\"C:\\\\Users\\\\SeyiOgunjuyigbe\\\\devwork\\\\node\\\\drpmin\\\\functions\\\\node_modules\\\\firebase-functions\\\\lib\\\\index.js\"}"}}
[debug] [2020-09-16T11:01:05.315Z] [runtime-status] [13084] Resolved module firebase-functions {"declared":true,"installed":true,"version":"3.11.0","resolution":"C:\\Users\\SeyiOgunjuyigbe\\devwork\\node\\drpmin\\functions\\node_modules\\firebase-functions\\lib\\index.js"} {"metadata":{"emulator":{"name":"functions"},"message":"[runtime-status] [13084] Resolved module firebase-functions {\"declared\":true,\"installed\":true,\"version\":\"3.11.0\",\"resolution\":\"C:\\\\Users\\\\SeyiOgunjuyigbe\\\\devwork\\\\node\\\\drpmin\\\\functions\\\\node_modules\\\\firebase-functions\\\\lib\\\\index.js\"}"}}
[debug] [2020-09-16T11:01:06.291Z] Functions emulator received unknown request at path /socket.io/
[debug] [2020-09-16T11:01:06.697Z] Functions emulator received unknown request at path /live-broadcast
[debug] [2020-09-16T11:01:07.854Z] [runtime-status] [13084] Checked functions.config() {"config":{}} {"metadata":{"emulator":{"name":"functions"},"message":"[runtime-status] [13084] Checked functions.config() {\"config\":{}}"}}
[debug] [2020-09-16T11:01:07.854Z] [runtime-status] [4828] Checked functions.config() {"config":{}} {"metadata":{"emulator":{"name":"functions"},"message":"[runtime-status] [4828] Checked functions.config() {\"config\":{}}"}}
[debug] [2020-09-16T11:01:07.877Z] [runtime-status] [13084] firebase-functions has been stubbed. {"functionsResolution":{"declared":true,"installed":true,"version":"3.11.0","resolution":"C:\\Users\\SeyiOgunjuyigbe\\devwork\\node\\drpmin\\functions\\node_modules\\firebase-functions\\lib\\index.js"}} {"metadata":{"emulator":{"name":"functions"},"message":"[runtime-status] [13084] firebase-functions has been stubbed. {\"functionsResolution\":{\"declared\":true,\"installed\":true,\"version\":\"3.11.0\",\"resolution\":\"C:\\\\Users\\\\SeyiOgunjuyigbe\\\\devwork\\\\node\\\\drpmin\\\\functions\\\\node_modules\\\\firebase-functions\\\\lib\\\\index.js\"}}"}}
[debug] [2020-09-16T11:01:07.878Z] [runtime-status] [4828] firebase-functions has been stubbed. {"functionsResolution":{"declared":true,"installed":true,"version":"3.11.0","resolution":"C:\\Users\\SeyiOgunjuyigbe\\devwork\\node\\drpmin\\functions\\node_modules\\firebase-functions\\lib\\index.js"}} {"metadata":{"emulator":{"name":"functions"},"message":"[runtime-status] [4828] firebase-functions has been stubbed. {\"functionsResolution\":{\"declared\":true,\"installed\":true,\"version\":\"3.11.0\",\"resolution\":\"C:\\\\Users\\\\SeyiOgunjuyigbe\\\\devwork\\\\node\\\\drpmin\\\\functions\\\\node_modules\\\\firebase-functions\\\\lib\\\\index.js\"}}"}}
[debug] [2020-09-16T11:01:07.904Z] [runtime-status] [4828] Resolved module firebase-functions {"declared":true,"installed":true,"version":"3.11.0","resolution":"C:\\Users\\SeyiOgunjuyigbe\\devwork\\node\\drpmin\\functions\\node_modules\\firebase-functions\\lib\\index.js"} {"metadata":{"emulator":{"name":"functions"},"message":"[runtime-status] [4828] Resolved module firebase-functions {\"declared\":true,\"installed\":true,\"version\":\"3.11.0\",\"resolution\":\"C:\\\\Users\\\\SeyiOgunjuyigbe\\\\devwork\\\\node\\\\drpmin\\\\functions\\\\node_modules\\\\firebase-functions\\\\lib\\\\index.js\"}"}}
[debug] [2020-09-16T11:01:07.905Z] [runtime-status] [4828] Resolved module firebase-admin {"declared":true,"installed":true,"version":"8.13.0","resolution":"C:\\Users\\SeyiOgunjuyigbe\\devwork\\node\\drpmin\\functions\\node_modules\\firebase-admin\\lib\\index.js"} {"metadata":{"emulator":{"name":"functions"},"message":"[runtime-status] [4828] Resolved module firebase-admin {\"declared\":true,\"installed\":true,\"version\":\"8.13.0\",\"resolution\":\"C:\\\\Users\\\\SeyiOgunjuyigbe\\\\devwork\\\\node\\\\drpmin\\\\functions\\\\node_modules\\\\firebase-admin\\\\lib\\\\index.js\"}"}}
[debug] [2020-09-16T11:01:07.905Z] [runtime-status] [4828] Resolved module firebase-functions {"declared":true,"installed":true,"version":"3.11.0","resolution":"C:\\Users\\SeyiOgunjuyigbe\\devwork\\node\\drpmin\\functions\\node_modules\\firebase-functions\\lib\\index.js"} {"metadata":{"emulator":{"name":"functions"},"message":"[runtime-status] [4828] Resolved module firebase-functions {\"declared\":true,\"installed\":true,\"version\":\"3.11.0\",\"resolution\":\"C:\\\\Users\\\\SeyiOgunjuyigbe\\\\devwork\\\\node\\\\drpmin\\\\functions\\\\node_modules\\\\firebase-functions\\\\lib\\\\index.js\"}"}}
[debug] [2020-09-16T11:01:07.906Z] [runtime-status] [4828] firebase-admin has been stubbed. {"adminResolution":{"declared":true,"installed":true,"version":"8.13.0","resolution":"C:\\Users\\SeyiOgunjuyigbe\\devwork\\node\\drpmin\\functions\\node_modules\\firebase-admin\\lib\\index.js"}} {"metadata":{"emulator":{"name":"functions"},"message":"[runtime-status] [4828] firebase-admin has been stubbed. {\"adminResolution\":{\"declared\":true,\"installed\":true,\"version\":\"8.13.0\",\"resolution\":\"C:\\\\Users\\\\SeyiOgunjuyigbe\\\\devwork\\\\node\\\\drpmin\\\\functions\\\\node_modules\\\\firebase-admin\\\\lib\\\\index.js\"}}"}}
[debug] [2020-09-16T11:01:07.907Z] [runtime-status] [13084] Resolved module firebase-functions {"declared":true,"installed":true,"version":"3.11.0","resolution":"C:\\Users\\SeyiOgunjuyigbe\\devwork\\node\\drpmin\\functions\\node_modules\\firebase-functions\\lib\\index.js"} {"metadata":{"emulator":{"name":"functions"},"message":"[runtime-status] [13084] Resolved module firebase-functions {\"declared\":true,\"installed\":true,\"version\":\"3.11.0\",\"resolution\":\"C:\\\\Users\\\\SeyiOgunjuyigbe\\\\devwork\\\\node\\\\drpmin\\\\functions\\\\node_modules\\\\firebase-functions\\\\lib\\\\index.js\"}"}}
[debug] [2020-09-16T11:01:07.908Z] [runtime-status] [13084] Resolved module firebase-admin {"declared":true,"installed":true,"version":"8.13.0","resolution":"C:\\Users\\SeyiOgunjuyigbe\\devwork\\node\\drpmin\\functions\\node_modules\\firebase-admin\\lib\\index.js"} {"metadata":{"emulator":{"name":"functions"},"message":"[runtime-status] [13084] Resolved module firebase-admin {\"declared\":true,\"installed\":true,\"version\":\"8.13.0\",\"resolution\":\"C:\\\\Users\\\\SeyiOgunjuyigbe\\\\devwork\\\\node\\\\drpmin\\\\functions\\\\node_modules\\\\firebase-admin\\\\lib\\\\index.js\"}"}}
[debug] [2020-09-16T11:01:07.909Z] [runtime-status] [13084] Resolved module firebase-functions {"declared":true,"installed":true,"version":"3.11.0","resolution":"C:\\Users\\SeyiOgunjuyigbe\\devwork\\node\\drpmin\\functions\\node_modules\\firebase-functions\\lib\\index.js"} {"metadata":{"emulator":{"name":"functions"},"message":"[runtime-status] [13084] Resolved module firebase-functions {\"declared\":true,\"installed\":true,\"version\":\"3.11.0\",\"resolution\":\"C:\\\\Users\\\\SeyiOgunjuyigbe\\\\devwork\\\\node\\\\drpmin\\\\functions\\\\node_modules\\\\firebase-functions\\\\lib\\\\index.js\"}"}}
[debug] [2020-09-16T11:01:07.910Z] [runtime-status] [13084] firebase-admin has been stubbed. {"adminResolution":{"declared":true,"installed":true,"version":"8.13.0","resolution":"C:\\Users\\SeyiOgunjuyigbe\\devwork\\node\\drpmin\\functions\\node_modules\\firebase-admin\\lib\\index.js"}} {"metadata":{"emulator":{"name":"functions"},"message":"[runtime-status] [13084] firebase-admin has been stubbed. {\"adminResolution\":{\"declared\":true,\"installed\":true,\"version\":\"8.13.0\",\"resolution\":\"C:\\\\Users\\\\SeyiOgunjuyigbe\\\\devwork\\\\node\\\\drpmin\\\\functions\\\\node_modules\\\\firebase-admin\\\\lib\\\\index.js\"}}"}}
[debug] [2020-09-16T11:01:11.678Z] Functions emulator received unknown request at path /socket.io/
[debug] [2020-09-16T11:01:16.740Z] Functions emulator received unknown request at path /socket.io/
[debug] [2020-09-16T11:01:22.150Z] Functions emulator received unknown request at path /socket.io/
[debug] [2020-09-16T11:01:22.277Z] [worker-~diagnostic~-03381469-47fe-48b5-a4bd-c9c35fdefb66]: exited {"metadata":{"emulator":{"name":"functions"},"message":"[worker-~diagnostic~-03381469-47fe-48b5-a4bd-c9c35fdefb66]: exited"}}
[debug] [2020-09-16T11:01:22.277Z] [worker-~diagnostic~-03381469-47fe-48b5-a4bd-c9c35fdefb66]: FINISHED {"metadata":{"emulator":{"name":"functions"},"message":"[worker-~diagnostic~-03381469-47fe-48b5-a4bd-c9c35fdefb66]: FINISHED"}}
[debug] [2020-09-16T11:02:40.979Z] ----------------------------------------------------------------------
[debug] [2020-09-16T11:02:40.983Z] Command:       C:\Program Files\nodejs\node.exe C:\Users\SeyiOgunjuyigbe\DevWork\Node\drpmin\node_modules\firebase-tools\lib\bin\firebase.js serve --only functions:api
[debug] [2020-09-16T11:02:40.984Z] CLI Version:   8.10.0
[debug] [2020-09-16T11:02:40.984Z] Platform:      win32
[debug] [2020-09-16T11:02:40.984Z] Node Version:  v10.20.1
[debug] [2020-09-16T11:02:40.986Z] Time:          Wed Sep 16 2020 12:02:40 GMT+0100 (West Africa Standard Time)
[debug] [2020-09-16T11:02:40.986Z] ----------------------------------------------------------------------
[debug] [2020-09-16T11:02:40.986Z] 
[debug] [2020-09-16T11:02:41.042Z] > command requires scopes: ["email","openid","https://www.googleapis.com/auth/cloudplatformprojects.readonly","https://www.googleapis.com/auth/firebase","https://www.googleapis.com/auth/cloud-platform"]
[debug] [2020-09-16T11:02:41.043Z] > authorizing via signed-in user
[debug] [2020-09-16T11:02:41.043Z] [iam] checking project drpministries for permissions ["firebase.projects.get"]
[debug] [2020-09-16T11:02:41.049Z] > refreshing access token with scopes: ["email","https://www.googleapis.com/auth/cloud-platform","https://www.googleapis.com/auth/cloudplatformprojects.readonly","https://www.googleapis.com/auth/firebase","openid"]
[debug] [2020-09-16T11:02:41.049Z] >>> HTTP REQUEST POST https://www.googleapis.com/oauth2/v3/token  
 <request body omitted>
[debug] [2020-09-16T11:02:41.907Z] <<< HTTP RESPONSE 200 {"content-type":"application/json; charset=utf-8","vary":"X-Origin, Referer, Origin,Accept-Encoding","date":"Wed, 16 Sep 2020 11:02:43 GMT","server":"scaffolding on HTTPServer2","cache-control":"private","x-xss-protection":"0","x-frame-options":"SAMEORIGIN","x-content-type-options":"nosniff","alt-svc":"h3-29=\":443\"; ma=2592000,h3-27=\":443\"; ma=2592000,h3-T051=\":443\"; ma=2592000,h3-T050=\":443\"; ma=2592000,h3-Q050=\":443\"; ma=2592000,h3-Q046=\":443\"; ma=2592000,h3-Q043=\":443\"; ma=2592000,quic=\":443\"; ma=2592000; v=\"46,43\"","accept-ranges":"none","transfer-encoding":"chunked"}
[debug] [2020-09-16T11:02:41.939Z] >>> HTTP REQUEST POST https://cloudresourcemanager.googleapis.com/v1/projects/drpministries:testIamPermissions  
 {"permissions":["firebase.projects.get"]}
[debug] [2020-09-16T11:02:43.546Z] <<< HTTP RESPONSE 200 {"content-type":"application/json; charset=UTF-8","vary":"X-Origin, Referer, Origin,Accept-Encoding","date":"Wed, 16 Sep 2020 11:02:45 GMT","server":"ESF","cache-control":"private","x-xss-protection":"0","x-frame-options":"SAMEORIGIN","x-content-type-options":"nosniff","server-timing":"gfet4t7; dur=1102","alt-svc":"h3-29=\":443\"; ma=2592000,h3-27=\":443\"; ma=2592000,h3-T051=\":443\"; ma=2592000,h3-T050=\":443\"; ma=2592000,h3-Q050=\":443\"; ma=2592000,h3-Q046=\":443\"; ma=2592000,h3-Q043=\":443\"; ma=2592000,quic=\":443\"; ma=2592000; v=\"46,43\"","accept-ranges":"none","transfer-encoding":"chunked"}
[debug] [2020-09-16T11:02:43.548Z] >>> HTTP REQUEST GET https://firebase.googleapis.com/v1beta1/projects/drpministries  
 
[debug] [2020-09-16T11:02:44.256Z] <<< HTTP RESPONSE 200 {"content-type":"application/json; charset=UTF-8","vary":"X-Origin, Referer, Origin,Accept-Encoding","date":"Wed, 16 Sep 2020 11:02:45 GMT","server":"ESF","cache-control":"private","x-xss-protection":"0","x-frame-options":"SAMEORIGIN","x-content-type-options":"nosniff","alt-svc":"h3-29=\":443\"; ma=2592000,h3-27=\":443\"; ma=2592000,h3-T051=\":443\"; ma=2592000,h3-T050=\":443\"; ma=2592000,h3-Q050=\":443\"; ma=2592000,h3-Q046=\":443\"; ma=2592000,h3-Q043=\":443\"; ma=2592000,quic=\":443\"; ma=2592000; v=\"46,43\"","accept-ranges":"none","transfer-encoding":"chunked"}
[info] +  functions: Using node@10 from host. {"metadata":{"emulator":{"name":"functions"},"message":"Using node@10 from host."}}
[debug] [2020-09-16T11:02:45.312Z] defaultcredentials: writing to file C:\Users\SeyiOgunjuyigbe\AppData\Roaming\firebase\seyiogunjuyigbe_gmail_com_application_default_credentials.json
[debug] [2020-09-16T11:02:45.325Z] Setting GAC to C:\Users\SeyiOgunjuyigbe\AppData\Roaming\firebase\seyiogunjuyigbe_gmail_com_application_default_credentials.json {"metadata":{"emulator":{"name":"functions"},"message":"Setting GAC to C:\\Users\\SeyiOgunjuyigbe\\AppData\\Roaming\\firebase\\seyiogunjuyigbe_gmail_com_application_default_credentials.json"}}
[info] i  functions: Watching "C:\Users\SeyiOgunjuyigbe\devwork\node\drpmin\functions" for Cloud Functions... {"metadata":{"emulator":{"name":"functions"},"message":"Watching \"C:\\Users\\SeyiOgunjuyigbe\\devwork\\node\\drpmin\\functions\" for Cloud Functions..."}}
[debug] [2020-09-16T11:02:45.385Z] [worker-pool] addWorker(~diagnostic~) {"metadata":{"emulator":{"name":"functions"},"message":"[worker-pool] addWorker(~diagnostic~)"}}
[debug] [2020-09-16T11:02:45.386Z] [worker-pool] Adding worker with key ~diagnostic~, total=1 {"metadata":{"emulator":{"name":"functions"},"message":"[worker-pool] Adding worker with key ~diagnostic~, total=1"}}
[debug] [2020-09-16T11:02:45.386Z] [worker-pool] submitWork(triggerId=) {"metadata":{"emulator":{"name":"functions"},"message":"[worker-pool] submitWork(triggerId=)"}}
[debug] [2020-09-16T11:02:45.387Z] [worker-~diagnostic~-7ddcc6e2-7db2-40b4-aa92-3148e8e4d92c]: Assigning socketPath: \\?\pipe\C:\Users\SeyiOgunjuyigbe\devwork\node\drpmin\functions\11316 {"metadata":{"emulator":{"name":"functions"},"message":"[worker-~diagnostic~-7ddcc6e2-7db2-40b4-aa92-3148e8e4d92c]: Assigning socketPath: \\\\?\\pipe\\C:\\Users\\SeyiOgunjuyigbe\\devwork\\node\\drpmin\\functions\\11316"}}
[debug] [2020-09-16T11:02:45.388Z] [worker-~diagnostic~-7ddcc6e2-7db2-40b4-aa92-3148e8e4d92c]: BUSY {"metadata":{"emulator":{"name":"functions"},"message":"[worker-~diagnostic~-7ddcc6e2-7db2-40b4-aa92-3148e8e4d92c]: BUSY"}}
[debug] [2020-09-16T11:02:45.510Z] Functions emulator received unknown request at path /socket.io/
[debug] [2020-09-16T11:02:46.368Z] [runtime-status] [11316] Functions runtime initialized. {"cwd":"C:\\Users\\SeyiOgunjuyigbe\\devwork\\node\\drpmin\\functions","node_version":"10.20.1"} {"metadata":{"emulator":{"name":"functions"},"message":"[runtime-status] [11316] Functions runtime initialized. {\"cwd\":\"C:\\\\Users\\\\SeyiOgunjuyigbe\\\\devwork\\\\node\\\\drpmin\\\\functions\",\"node_version\":\"10.20.1\"}"}}
[debug] [2020-09-16T11:02:46.372Z] [runtime-status] [11316] Disabled runtime features: undefined {"metadata":{"emulator":{"name":"functions"},"message":"[runtime-status] [11316] Disabled runtime features: undefined"}}
[debug] [2020-09-16T11:02:46.379Z] [runtime-status] [11316] Resolved module firebase-admin {"declared":true,"installed":true,"version":"8.13.0","resolution":"C:\\Users\\SeyiOgunjuyigbe\\devwork\\node\\drpmin\\functions\\node_modules\\firebase-admin\\lib\\index.js"} {"metadata":{"emulator":{"name":"functions"},"message":"[runtime-status] [11316] Resolved module firebase-admin {\"declared\":true,\"installed\":true,\"version\":\"8.13.0\",\"resolution\":\"C:\\\\Users\\\\SeyiOgunjuyigbe\\\\devwork\\\\node\\\\drpmin\\\\functions\\\\node_modules\\\\firebase-admin\\\\lib\\\\index.js\"}"}}
[debug] [2020-09-16T11:02:46.386Z] [runtime-status] [11316] Resolved module firebase-functions {"declared":true,"installed":true,"version":"3.11.0","resolution":"C:\\Users\\SeyiOgunjuyigbe\\devwork\\node\\drpmin\\functions\\node_modules\\firebase-functions\\lib\\index.js"} {"metadata":{"emulator":{"name":"functions"},"message":"[runtime-status] [11316] Resolved module firebase-functions {\"declared\":true,\"installed\":true,\"version\":\"3.11.0\",\"resolution\":\"C:\\\\Users\\\\SeyiOgunjuyigbe\\\\devwork\\\\node\\\\drpmin\\\\functions\\\\node_modules\\\\firebase-functions\\\\lib\\\\index.js\"}"}}
[debug] [2020-09-16T11:02:46.389Z] [runtime-status] [11316] Resolved module firebase-functions {"declared":true,"installed":true,"version":"3.11.0","resolution":"C:\\Users\\SeyiOgunjuyigbe\\devwork\\node\\drpmin\\functions\\node_modules\\firebase-functions\\lib\\index.js"} {"metadata":{"emulator":{"name":"functions"},"message":"[runtime-status] [11316] Resolved module firebase-functions {\"declared\":true,\"installed\":true,\"version\":\"3.11.0\",\"resolution\":\"C:\\\\Users\\\\SeyiOgunjuyigbe\\\\devwork\\\\node\\\\drpmin\\\\functions\\\\node_modules\\\\firebase-functions\\\\lib\\\\index.js\"}"}}
[debug] [2020-09-16T11:02:46.402Z] [runtime-status] [11316] Outgoing network have been stubbed. [{"name":"http","status":"mocked"},{"name":"http","status":"mocked"},{"name":"https","status":"mocked"},{"name":"https","status":"mocked"},{"name":"net","status":"mocked"}] {"metadata":{"emulator":{"name":"functions"},"message":"[runtime-status] [11316] Outgoing network have been stubbed. [{\"name\":\"http\",\"status\":\"mocked\"},{\"name\":\"http\",\"status\":\"mocked\"},{\"name\":\"https\",\"status\":\"mocked\"},{\"name\":\"https\",\"status\":\"mocked\"},{\"name\":\"net\",\"status\":\"mocked\"}]"}}
[debug] [2020-09-16T11:02:46.403Z] [runtime-status] [11316] Resolved module firebase-functions {"declared":true,"installed":true,"version":"3.11.0","resolution":"C:\\Users\\SeyiOgunjuyigbe\\devwork\\node\\drpmin\\functions\\node_modules\\firebase-functions\\lib\\index.js"} {"metadata":{"emulator":{"name":"functions"},"message":"[runtime-status] [11316] Resolved module firebase-functions {\"declared\":true,\"installed\":true,\"version\":\"3.11.0\",\"resolution\":\"C:\\\\Users\\\\SeyiOgunjuyigbe\\\\devwork\\\\node\\\\drpmin\\\\functions\\\\node_modules\\\\firebase-functions\\\\lib\\\\index.js\"}"}}
[debug] [2020-09-16T11:02:46.506Z] [runtime-status] [11316] Checked functions.config() {"config":{}} {"metadata":{"emulator":{"name":"functions"},"message":"[runtime-status] [11316] Checked functions.config() {\"config\":{}}"}}
[debug] [2020-09-16T11:02:46.507Z] [runtime-status] [11316] firebase-functions has been stubbed. {"functionsResolution":{"declared":true,"installed":true,"version":"3.11.0","resolution":"C:\\Users\\SeyiOgunjuyigbe\\devwork\\node\\drpmin\\functions\\node_modules\\firebase-functions\\lib\\index.js"}} {"metadata":{"emulator":{"name":"functions"},"message":"[runtime-status] [11316] firebase-functions has been stubbed. {\"functionsResolution\":{\"declared\":true,\"installed\":true,\"version\":\"3.11.0\",\"resolution\":\"C:\\\\Users\\\\SeyiOgunjuyigbe\\\\devwork\\\\node\\\\drpmin\\\\functions\\\\node_modules\\\\firebase-functions\\\\lib\\\\index.js\"}}"}}
[debug] [2020-09-16T11:02:46.508Z] [runtime-status] [11316] Resolved module firebase-functions {"declared":true,"installed":true,"version":"3.11.0","resolution":"C:\\Users\\SeyiOgunjuyigbe\\devwork\\node\\drpmin\\functions\\node_modules\\firebase-functions\\lib\\index.js"} {"metadata":{"emulator":{"name":"functions"},"message":"[runtime-status] [11316] Resolved module firebase-functions {\"declared\":true,\"installed\":true,\"version\":\"3.11.0\",\"resolution\":\"C:\\\\Users\\\\SeyiOgunjuyigbe\\\\devwork\\\\node\\\\drpmin\\\\functions\\\\node_modules\\\\firebase-functions\\\\lib\\\\index.js\"}"}}
[debug] [2020-09-16T11:02:46.510Z] [runtime-status] [11316] Resolved module firebase-admin {"declared":true,"installed":true,"version":"8.13.0","resolution":"C:\\Users\\SeyiOgunjuyigbe\\devwork\\node\\drpmin\\functions\\node_modules\\firebase-admin\\lib\\index.js"} {"metadata":{"emulator":{"name":"functions"},"message":"[runtime-status] [11316] Resolved module firebase-admin {\"declared\":true,\"installed\":true,\"version\":\"8.13.0\",\"resolution\":\"C:\\\\Users\\\\SeyiOgunjuyigbe\\\\devwork\\\\node\\\\drpmin\\\\functions\\\\node_modules\\\\firebase-admin\\\\lib\\\\index.js\"}"}}
[debug] [2020-09-16T11:02:46.511Z] [runtime-status] [11316] Resolved module firebase-functions {"declared":true,"installed":true,"version":"3.11.0","resolution":"C:\\Users\\SeyiOgunjuyigbe\\devwork\\node\\drpmin\\functions\\node_modules\\firebase-functions\\lib\\index.js"} {"metadata":{"emulator":{"name":"functions"},"message":"[runtime-status] [11316] Resolved module firebase-functions {\"declared\":true,\"installed\":true,\"version\":\"3.11.0\",\"resolution\":\"C:\\\\Users\\\\SeyiOgunjuyigbe\\\\devwork\\\\node\\\\drpmin\\\\functions\\\\node_modules\\\\firebase-functions\\\\lib\\\\index.js\"}"}}
[debug] [2020-09-16T11:02:46.512Z] [runtime-status] [11316] firebase-admin has been stubbed. {"adminResolution":{"declared":true,"installed":true,"version":"8.13.0","resolution":"C:\\Users\\SeyiOgunjuyigbe\\devwork\\node\\drpmin\\functions\\node_modules\\firebase-admin\\lib\\index.js"}} {"metadata":{"emulator":{"name":"functions"},"message":"[runtime-status] [11316] firebase-admin has been stubbed. {\"adminResolution\":{\"declared\":true,\"installed\":true,\"version\":\"8.13.0\",\"resolution\":\"C:\\\\Users\\\\SeyiOgunjuyigbe\\\\devwork\\\\node\\\\drpmin\\\\functions\\\\node_modules\\\\firebase-admin\\\\lib\\\\index.js\"}}"}}
[debug] [2020-09-16T11:02:50.836Z] Functions emulator received unknown request at path /socket.io/
[info] +  functions[api]: http function initialized (http://localhost:5000/drpministries/us-central1/api). {"metadata":{"emulator":{"name":"functions"},"message":"\u001b[1mhttp\u001b[22m function initialized (http://localhost:5000/drpministries/us-central1/api)."}}
[debug] [2020-09-16T11:02:51.585Z] [worker-~diagnostic~-7ddcc6e2-7db2-40b4-aa92-3148e8e4d92c]: IDLE {"metadata":{"emulator":{"name":"functions"},"message":"[worker-~diagnostic~-7ddcc6e2-7db2-40b4-aa92-3148e8e4d92c]: IDLE"}}
[info] >  Server listening on 5000 {"user":"Server listening on 5000","metadata":{"emulator":{"name":"functions"},"message":"\u001b[90m> \u001b[39m Server listening on 5000"}}
[debug] [2020-09-16T11:02:55.852Z] Functions emulator received unknown request at path /socket.io/
[info] >  Disconnected 694s95bSs4pEGri7AAAA {"user":"Disconnected 694s95bSs4pEGri7AAAA","metadata":{"emulator":{"name":"functions"},"message":"\u001b[90m> \u001b[39m Disconnected 694s95bSs4pEGri7AAAA"}}
[info] >  Broadcasting AnoRQCxmf_TiiMkoAAAB {"user":"Broadcasting AnoRQCxmf_TiiMkoAAAB","metadata":{"emulator":{"name":"functions"},"message":"\u001b[90m> \u001b[39m Broadcasting AnoRQCxmf_TiiMkoAAAB"}}
[info] >  Watching XRe8QOi3SKoDFfOBAAAC {"user":"Watching XRe8QOi3SKoDFfOBAAAC","metadata":{"emulator":{"name":"functions"},"message":"\u001b[90m> \u001b[39m Watching XRe8QOi3SKoDFfOBAAAC"}}
[info] >  Answer XRe8QOi3SKoDFfOBAAAC {"user":"Answer XRe8QOi3SKoDFfOBAAAC","metadata":{"emulator":{"name":"functions"},"message":"\u001b[90m> \u001b[39m Answer XRe8QOi3SKoDFfOBAAAC"}}
[info] >  Disconnected XRe8QOi3SKoDFfOBAAAC {"user":"Disconnected XRe8QOi3SKoDFfOBAAAC","metadata":{"emulator":{"name":"functions"},"message":"\u001b[90m> \u001b[39m Disconnected XRe8QOi3SKoDFfOBAAAC"}}
[info] >  Watching gwKUKUISn8kd-DJCAAAD {"user":"Watching gwKUKUISn8kd-DJCAAAD","metadata":{"emulator":{"name":"functions"},"message":"\u001b[90m> \u001b[39m Watching gwKUKUISn8kd-DJCAAAD"}}
[info] >  Answer gwKUKUISn8kd-DJCAAAD {"user":"Answer gwKUKUISn8kd-DJCAAAD","metadata":{"emulator":{"name":"functions"},"message":"\u001b[90m> \u001b[39m Answer gwKUKUISn8kd-DJCAAAD"}}
[info] >  Disconnected AnoRQCxmf_TiiMkoAAAB {"user":"Disconnected AnoRQCxmf_TiiMkoAAAB","metadata":{"emulator":{"name":"functions"},"message":"\u001b[90m> \u001b[39m Disconnected AnoRQCxmf_TiiMkoAAAB"}}
[info] >  Disconnected gwKUKUISn8kd-DJCAAAD {"user":"Disconnected gwKUKUISn8kd-DJCAAAD","metadata":{"emulator":{"name":"functions"},"message":"\u001b[90m> \u001b[39m Disconnected gwKUKUISn8kd-DJCAAAD"}}
